#
# There is insufficient memory for the Java Runtime Environment to continue.
# Native memory allocation (mmap) failed to map 260046848 bytes. Error detail: G1 virtual space
# Possible reasons:
#   The system is out of physical RAM or swap space
#   This process is running with CompressedOops enabled, and the Java Heap may be blocking the growth of the native heap
# Possible solutions:
#   Reduce memory load on the system
#   Increase physical memory or swap space
#   Check if swap backing store is full
#   Decrease Java heap size (-Xmx/-Xms)
#   Decrease number of Java threads
#   Decrease Java thread stack sizes (-Xss)
#   Set larger code cache with -XX:ReservedCodeCacheSize=
#   JVM is running with Zero Based Compressed Oops mode in which the Java heap is
#     placed in the first 32GB address space. The Java Heap base address is the
#     maximum limit for the native heap growth. Please use -XX:HeapBaseMinAddress
#     to set the Java Heap base and to place the Java Heap above 32GB virtual address.
# This output file may be truncated or incomplete.
#
#  Out of Memory Error (os_windows.cpp:3828), pid=6068, tid=25148
#
# JRE version:  (21.0.5) (build )
# Java VM: OpenJDK 64-Bit Server VM (21.0.5+-13047016-b750.29, mixed mode, sharing, tiered, compressed oops, compressed class ptrs, g1 gc, windows-amd64)
# No core dump will be written. Minidumps are not enabled by default on client versions of Windows
#

---------------  S U M M A R Y ------------

Command Line: org.jetbrains.kotlin.cli.jvm.K2JVMCompiler @E:\code\git\Aavinya-App\app\build\20250405_11519588441335768172.compiler.options

Host: AMD Ryzen 7 4800H with Radeon Graphics         , 16 cores, 15G,  Windows 11 , 64 bit Build 26100 (10.0.26100.3624)
Time: Sat Apr  5 18:36:45 2025 India Standard Time elapsed time: 2.039007 seconds (0d 0h 0m 2s)

---------------  T H R E A D  ---------------

Current thread (0x0000017fa367f340):  JavaThread "Unknown thread" [_thread_in_vm, id=25148, stack(0x0000000682600000,0x0000000682700000) (1024K)]

Stack: [0x0000000682600000,0x0000000682700000]
Native frames: (J=compiled Java code, j=interpreted, Vv=VM code, C=native code)
V  [jvm.dll+0x6cfb29]
V  [jvm.dll+0x85df93]
V  [jvm.dll+0x8604ee]
V  [jvm.dll+0x860bd3]
V  [jvm.dll+0x27e6b6]
V  [jvm.dll+0x6cc385]
V  [jvm.dll+0x6c078a]
V  [jvm.dll+0x35525b]
V  [jvm.dll+0x35ceb6]
V  [jvm.dll+0x3aedd6]
V  [jvm.dll+0x3af0a8]
V  [jvm.dll+0x32792c]
V  [jvm.dll+0x32861b]
V  [jvm.dll+0x8259d9]
V  [jvm.dll+0x3bbfa8]
V  [jvm.dll+0x80ec88]
V  [jvm.dll+0x45015e]
V  [jvm.dll+0x4518c1]
C  [jli.dll+0x52ab]
C  [ucrtbase.dll+0x37b0]
C  [KERNEL32.DLL+0x2e8d7]
C  [ntdll.dll+0xb14fc]


---------------  P R O C E S S  ---------------

Threads class SMR info:
_java_thread_list=0x00007ffc17a30808, length=0, elements={
}

Java Threads: ( => current thread )
Total: 0

Other Threads:
  0x0000017fa36dce40 WorkerThread "GC Thread#0"                     [id=2152, stack(0x0000000682700000,0x0000000682800000) (1024K)]
  0x0000017fa36ed4e0 ConcurrentGCThread "G1 Main Marker"            [id=17932, stack(0x0000000682800000,0x0000000682900000) (1024K)]
  0x0000017fa36eee20 WorkerThread "G1 Conc#0"                       [id=17980, stack(0x0000000682900000,0x0000000682a00000) (1024K)]

[error occurred during error reporting (printing all threads), id 0xc0000005, EXCEPTION_ACCESS_VIOLATION (0xc0000005) at pc=0x00007ffc1722a967]
VM state: not at safepoint (not fully initialized)

VM Mutex/Monitor currently owned by a thread:  ([mutex/lock_event])
[0x00007ffc17a9d460] Heap_lock - owner thread: 0x0000017fa367f340

Heap address: 0x0000000709400000, size: 3948 MB, Compressed Oops mode: Zero based, Oop shift amount: 3

CDS archive(s) mapped at: [0x0000000000000000-0x0000000000000000-0x0000000000000000), size 0, SharedBaseAddress: 0x0000000800000000, ArchiveRelocationMode: 1.
Narrow klass base: 0x0000000000000000, Narrow klass shift: 0, Narrow klass range: 0x0

GC Precious Log:
 CardTable entry size: 512
 Card Set container configuration: InlinePtr #cards 4 size 8 Array Of Cards #cards 16 size 48 Howl #buckets 8 coarsen threshold 3686 Howl Bitmap #cards 512 size 80 coarsen threshold 460 Card regions per heap region 1 cards per card region 4096

Heap:
 garbage-first heap   total 0K, used 0K [0x0000000709400000, 0x0000000800000000)
  region size 2048K, 0 young (0K), 0 survivors (0K)
 Metaspace       used 0K, committed 0K, reserved 0K
  class space    used 0K, committed 0K, reserved 0K

Heap Regions: E=young(eden), S=young(survivor), O=old, HS=humongous(starts), HC=humongous(continues), CS=collection set, F=free, TAMS=top-at-mark-start, PB=parsable bottom

Card table byte_map: [0x0000017fb6810000,0x0000017fb6fd0000] _byte_map_base: 0x0000017fb2fc6000

Marking Bits: (CMBitMap*) 0x0000017fa36dd540
 Bits: [0x0000017fb6fd0000, 0x0000017fbad80000)

GC Heap History (0 events):
No events

Dll operation events (1 events):
Event: 0.011 Loaded shared library C:\Program Files\Android\Android Studio\jbr\bin\java.dll

Deoptimization events (0 events):
No events

Classes loaded (0 events):
No events

Classes unloaded (0 events):
No events

Classes redefined (0 events):
No events

Internal exceptions (0 events):
No events

ZGC Phase Switch (0 events):
No events

VM Operations (0 events):
No events

Memory protections (0 events):
No events

Nmethod flushes (0 events):
No events

Events (0 events):
No events


Dynamic libraries:
0x00007ff608770000 - 0x00007ff60877a000 	C:\Program Files\Android\Android Studio\jbr\bin\java.exe
0x00007ffc86740000 - 0x00007ffc869a0000 	C:\WINDOWS\SYSTEM32\ntdll.dll
0x00007ffc854a0000 - 0x00007ffc85567000 	C:\WINDOWS\System32\KERNEL32.DLL
0x00007ffc84170000 - 0x00007ffc8453b000 	C:\WINDOWS\System32\KERNELBASE.dll
0x00007ffc83c10000 - 0x00007ffc83d5b000 	C:\WINDOWS\System32\ucrtbase.dll
0x00007ffc79c40000 - 0x00007ffc79c58000 	C:\Program Files\Android\Android Studio\jbr\bin\jli.dll
0x00007ffc805b0000 - 0x00007ffc805cb000 	C:\Program Files\Android\Android Studio\jbr\bin\VCRUNTIME140.dll
0x00007ffc86310000 - 0x00007ffc864dc000 	C:\WINDOWS\System32\USER32.dll
0x00007ffc71740000 - 0x00007ffc719d7000 	C:\WINDOWS\WinSxS\amd64_microsoft.windows.common-controls_6595b64144ccf1df_6.0.26100.3624_none_3e086962e3345f24\COMCTL32.dll
0x00007ffc83920000 - 0x00007ffc83947000 	C:\WINDOWS\System32\win32u.dll
0x00007ffc85190000 - 0x00007ffc85239000 	C:\WINDOWS\System32\msvcrt.dll
0x00007ffc85660000 - 0x00007ffc8568a000 	C:\WINDOWS\System32\GDI32.dll
0x00007ffc83ad0000 - 0x00007ffc83c01000 	C:\WINDOWS\System32\gdi32full.dll
0x00007ffc84000000 - 0x00007ffc840a3000 	C:\WINDOWS\System32\msvcp_win.dll
0x00007ffc858b0000 - 0x00007ffc858df000 	C:\WINDOWS\System32\IMM32.DLL
0x00007ffc7e950000 - 0x00007ffc7e95c000 	C:\Program Files\Android\Android Studio\jbr\bin\vcruntime140_1.dll
0x00007ffc72180000 - 0x00007ffc7220d000 	C:\Program Files\Android\Android Studio\jbr\bin\msvcp140.dll
0x00007ffc16ef0000 - 0x00007ffc17b7a000 	C:\Program Files\Android\Android Studio\jbr\bin\server\jvm.dll
0x00007ffc864e0000 - 0x00007ffc86593000 	C:\WINDOWS\System32\ADVAPI32.dll
0x00007ffc855b0000 - 0x00007ffc85656000 	C:\WINDOWS\System32\sechost.dll
0x00007ffc85290000 - 0x00007ffc853a6000 	C:\WINDOWS\System32\RPCRT4.dll
0x00007ffc84970000 - 0x00007ffc849e4000 	C:\WINDOWS\System32\WS2_32.dll
0x00007ffc836f0000 - 0x00007ffc8374e000 	C:\WINDOWS\SYSTEM32\POWRPROF.dll
0x00007ffc7c4c0000 - 0x00007ffc7c4cb000 	C:\WINDOWS\SYSTEM32\VERSION.dll
0x00007ffc7c480000 - 0x00007ffc7c4b6000 	C:\WINDOWS\SYSTEM32\WINMM.dll
0x00007ffc835c0000 - 0x00007ffc835d4000 	C:\WINDOWS\SYSTEM32\UMPDC.dll
0x00007ffc826d0000 - 0x00007ffc826ea000 	C:\WINDOWS\SYSTEM32\kernel.appcore.dll
0x00007ffc7e940000 - 0x00007ffc7e94a000 	C:\Program Files\Android\Android Studio\jbr\bin\jimage.dll
0x00007ffc772c0000 - 0x00007ffc77501000 	C:\WINDOWS\SYSTEM32\DBGHELP.DLL
0x00007ffc84560000 - 0x00007ffc848e3000 	C:\WINDOWS\System32\combase.dll
0x00007ffc86620000 - 0x00007ffc866f6000 	C:\WINDOWS\System32\OLEAUT32.dll
0x00007ffc1c280000 - 0x00007ffc1c2b9000 	C:\WINDOWS\SYSTEM32\dbgcore.DLL
0x00007ffc83ed0000 - 0x00007ffc83f69000 	C:\WINDOWS\System32\bcryptPrimitives.dll
0x00007ffc7e920000 - 0x00007ffc7e940000 	C:\Program Files\Android\Android Studio\jbr\bin\java.dll

dbghelp: loaded successfully - version: 4.0.5 - missing functions: none
symbol engine: initialized successfully - sym options: 0x614 - pdb path: .;C:\Program Files\Android\Android Studio\jbr\bin;C:\WINDOWS\SYSTEM32;C:\WINDOWS\WinSxS\amd64_microsoft.windows.common-controls_6595b64144ccf1df_6.0.26100.3624_none_3e086962e3345f24;C:\Program Files\Android\Android Studio\jbr\bin\server

VM Arguments:
java_command: org.jetbrains.kotlin.cli.jvm.K2JVMCompiler @E:\code\git\Aavinya-App\app\build\20250405_11519588441335768172.compiler.options
java_class_path (initial): C:\Users\nisar\.gradle\caches\modules-2\files-2.1\org.jetbrains.kotlin\kotlin-compiler-embeddable\2.0.0\1de310de3446414381282ffc46c3ed3919a4d1da\kotlin-compiler-embeddable-2.0.0.jar;C:\Users\nisar\.gradle\caches\modules-2\files-2.1\org.jetbrains.kotlin\kotlin-stdlib\2.0.0\b48df2c4aede9586cc931ead433bc02d6fd7879e\kotlin-stdlib-2.0.0.jar;C:\Users\nisar\.gradle\caches\modules-2\files-2.1\org.jetbrains.kotlin\kotlin-script-runtime\2.0.0\fdc27dd047d592fa41d2dfa21e7621287a361612\kotlin-script-runtime-2.0.0.jar;C:\Users\nisar\.gradle\caches\modules-2\files-2.1\org.jetbrains.kotlin\kotlin-reflect\1.6.10\1cbe9c92c12a94eea200d23c2bbaedaf3daf5132\kotlin-reflect-1.6.10.jar;C:\Users\nisar\.gradle\caches\modules-2\files-2.1\org.jetbrains.kotlin\kotlin-daemon-embeddable\2.0.0\b39c612768614c4428c96ee9c65477181fffe9d\kotlin-daemon-embeddable-2.0.0.jar;C:\Users\nisar\.gradle\caches\modules-2\files-2.1\org.jetbrains.intellij.deps\trove4j\1.0.20200330\3afb14d5f9ceb459d724e907a21145e8ff394f02\trove4j-1.0.20200330.jar;C:\Users\nisar\.gradle\caches\modules-2\files-2.1\org.jetbrains\annotations\13.0\919f0dfe192fb4e063e7dacadee7f8bb9a2672a9\annotations-13.0.jar
Launcher Type: SUN_STANDARD

[Global flags]
     intx CICompilerCount                          = 12                                        {product} {ergonomic}
     uint ConcGCThreads                            = 3                                         {product} {ergonomic}
     uint G1ConcRefinementThreads                  = 13                                        {product} {ergonomic}
   size_t G1HeapRegionSize                         = 2097152                                   {product} {ergonomic}
    uintx GCDrainStackTargetSize                   = 64                                        {product} {ergonomic}
   size_t InitialHeapSize                          = 260046848                                 {product} {ergonomic}
   size_t MarkStackSize                            = 4194304                                   {product} {ergonomic}
   size_t MaxHeapSize                              = 4139778048                                {product} {ergonomic}
   size_t MinHeapDeltaBytes                        = 2097152                                   {product} {ergonomic}
   size_t MinHeapSize                              = 8388608                                   {product} {ergonomic}
    uintx NonNMethodCodeHeapSize                   = 7602480                                {pd product} {ergonomic}
    uintx NonProfiledCodeHeapSize                  = 122027880                              {pd product} {ergonomic}
    uintx ProfiledCodeHeapSize                     = 122027880                              {pd product} {ergonomic}
    uintx ReservedCodeCacheSize                    = 251658240                              {pd product} {ergonomic}
     bool SegmentedCodeCache                       = true                                      {product} {ergonomic}
   size_t SoftMaxHeapSize                          = 4139778048                             {manageable} {ergonomic}
     bool UseCompressedOops                        = true                           {product lp64_product} {ergonomic}
     bool UseG1GC                                  = true                                      {product} {ergonomic}
     bool UseLargePagesIndividualAllocation        = false                                  {pd product} {ergonomic}

Logging:
Log output configuration:
 #0: stdout all=warning uptime,level,tags foldmultilines=false
 #1: stderr all=off uptime,level,tags foldmultilines=false

Environment Variables:
JAVA_HOME=C:\Program Files\Java\jdk-17
CLASSPATH=C:\mysql-connector-java-8.0.30.jar;,;
PATH=C:\Program Files\Common Files\Oracle\Java\javapath;C:\Program Files (x86)\Common Files\Oracle\Java\javapath;C:\WINDOWS\system32;C:\WINDOWS;C:\WINDOWS\System32\Wbem;C:\WINDOWS\System32\WindowsPowerShell\v1.0\;C:\WINDOWS\System32\OpenSSH\;C:\Program Files\MySQL\MySQL Server 8.0\bin;C:\xampp\php;C:\Users\nisar\Desktop\6th SEM\DBMS\Pr8\mysql-connector-java-8.0.30\mysql-connector-java-8.0.30\mysql-connector-java-8.0.30.jar;C:\Program Files (x86)\NVIDIA Corporation\PhysX\Common;C:\Program Files\dotnet\;C:\Program Files\Git\cmd;D:\matlab\bin;C:\Program Files\NVIDIA Corporation\NVIDIA app\NvDLISR;C:\Program Files\nodejs\;C:\Program Files\Go\bin;C:\Program Files\PostgreSQL\14\bin;C:\Program Files\Java\jdk-17\bin;C:\Users\nisar\AppData\Local\Programs\Python\Launcher\;C:\Program Files\MySQL\MySQL Shell 8.0\bin\;C:\Users\nisar\AppData\Local\Microsoft\WindowsApps;C:\Users\nisar\AppData\Local\Programs\Microsoft VS Code\bin;C:\MinGW\bin;C:\Users\nisar\AppData\Local\Microsoft\WinGet\Packages\Schniz.fnm_Microsoft.Winget.Source_8wekyb3d8bbwe;"C:\mysql-connector-java-8.0.30.jar;,;";E:\Setups\chromedriver-win64\chromedriver.exe;D:\PyCharm Community Edition 2024.3\bin;C:\Users\nisar\AppData\Roaming\npm;C:\Users\nisar\go\bin
USERNAME=nisar
OS=Windows_NT
PROCESSOR_IDENTIFIER=AMD64 Family 23 Model 96 Stepping 1, AuthenticAMD
TMP=C:\Users\nisar\AppData\Local\Temp
TEMP=C:\Users\nisar\AppData\Local\Temp




Periodic native trim disabled

JNI global refs:
JNI global refs: 0, weak refs: 0

JNI global refs memory usage: 0, weak refs: 0

Process memory usage:
Resident Set Size: 12860K (0% of 16168536K total physical memory with 1011120K free physical memory)

OOME stack traces (most recent first):
Classloader memory used:

---------------  S Y S T E M  ---------------

OS:
 Windows 11 , 64 bit Build 26100 (10.0.26100.3624)
OS uptime: 0 days 9:57 hours
Hyper-V role detected

CPU: total 16 (initial active 16) (16 cores per cpu, 2 threads per core) family 23 model 96 stepping 1 microcode 0x8600106, cx8, cmov, fxsr, ht, mmx, 3dnowpref, sse, sse2, sse3, ssse3, sse4a, sse4.1, sse4.2, popcnt, lzcnt, tsc, tscinvbit, avx, avx2, aes, clmul, bmi1, bmi2, adx, sha, fma, vzeroupper, clflush, clflushopt, hv, rdtscp, rdpid, f16c
Processor Information for all 16 processors :
  Max Mhz: 2901, Current Mhz: 2901, Mhz Limit: 2901

Memory: 4k page, system-wide physical 15789M (987M free)
TotalPageFile size 44505M (AvailPageFile size 104M)
current process WorkingSet (physical memory assigned to process): 12M, peak: 12M
current process commit charge ("private bytes"): 70M, peak: 318M

vm_info: OpenJDK 64-Bit Server VM (21.0.5+-13047016-b750.29) for windows-amd64 JRE (21.0.5+-13047016-b750.29), built on 2025-02-11T21:12:39Z by "builder" with MS VC++ 16.10 / 16.11 (VS2019)

END.
